<?xml version="1.0" encoding="UTF-8"?>
<testsuite name="com.reflection.QuoteWizard.QuoteTest" tests="4" skipped="0" failures="0" errors="0" timestamp="2022-01-30T18:06:32" hostname="MCWHEELS" time="0.02">
  <properties/>
  <testcase name="removeItemTest()" classname="com.reflection.QuoteWizard.QuoteTest" time="0.016"/>
  <testcase name="addItemTest()" classname="com.reflection.QuoteWizard.QuoteTest" time="0.001"/>
  <testcase name="checkPriceVatTotalOnAddToBasket()" classname="com.reflection.QuoteWizard.QuoteTest" time="0.001"/>
  <testcase name="checkPriceTotalOnAddToBasket()" classname="com.reflection.QuoteWizard.QuoteTest" time="0.001"/>
  <system-out><![CDATA[]]></system-out>
  <system-err><![CDATA[]]></system-err>
</testsuite>
